Using pre-set license
Built from '2021.3/staging' branch; Version is '2021.3.20f1 (577897200b8b) revision 5732503'; Using compiler version '192829333'; Build Type 'Release'
OS: 'Windows 10  (10.0.18362) 64bit Professional' Language: 'ko' Physical Memory: 16194 MB
BatchMode: 1, IsHumanControllingUs: 0, StartBugReporterOnCrash: 0, Is64bit: 1, IsPro: 1

COMMAND LINE ARGUMENTS:
C:\Program Files\Unity\Hub\Editor\2021.3.20f1\Editor\Unity.exe
-adb2
-batchMode
-noUpm
-name
AssetImportWorker0
-projectPath
C:/Users/SGA/Desktop/Unity2023/Unity2023
-logFile
Logs/AssetImportWorker0.log
-srvPort
50871
Successfully changed project path to: C:/Users/SGA/Desktop/Unity2023/Unity2023
C:/Users/SGA/Desktop/Unity2023/Unity2023
[UnityMemory] Configuration Parameters - Can be set up in boot.config
    "memorysetup-bucket-allocator-granularity=16"
    "memorysetup-bucket-allocator-bucket-count=8"
    "memorysetup-bucket-allocator-block-size=33554432"
    "memorysetup-bucket-allocator-block-count=8"
    "memorysetup-main-allocator-block-size=16777216"
    "memorysetup-thread-allocator-block-size=16777216"
    "memorysetup-gfx-main-allocator-block-size=16777216"
    "memorysetup-gfx-thread-allocator-block-size=16777216"
    "memorysetup-cache-allocator-block-size=4194304"
    "memorysetup-typetree-allocator-block-size=2097152"
    "memorysetup-profiler-bucket-allocator-granularity=16"
    "memorysetup-profiler-bucket-allocator-bucket-count=8"
    "memorysetup-profiler-bucket-allocator-block-size=33554432"
    "memorysetup-profiler-bucket-allocator-block-count=8"
    "memorysetup-profiler-allocator-block-size=16777216"
    "memorysetup-profiler-editor-allocator-block-size=1048576"
    "memorysetup-temp-allocator-size-main=16777216"
    "memorysetup-job-temp-allocator-block-size=2097152"
    "memorysetup-job-temp-allocator-block-size-background=1048576"
    "memorysetup-job-temp-allocator-reduction-small-platforms=262144"
    "memorysetup-temp-allocator-size-background-worker=32768"
    "memorysetup-temp-allocator-size-job-worker=262144"
    "memorysetup-temp-allocator-size-preload-manager=33554432"
    "memorysetup-temp-allocator-size-nav-mesh-worker=65536"
    "memorysetup-temp-allocator-size-audio-worker=65536"
    "memorysetup-temp-allocator-size-cloud-worker=32768"
    "memorysetup-temp-allocator-size-gi-baking-worker=262144"
    "memorysetup-temp-allocator-size-gfx=262144"
Player connection [13956] Host "[IP] 192.168.0.202 [Port] 0 [Flags] 2 [Guid] 4009801497 [EditorId] 4009801497 [Version] 1048832 [Id] WindowsEditor(7,DESKTOP-HQKDT44) [Debug] 1 [PackageName] WindowsEditor [ProjectName] Editor" joined multi-casting on [225.0.0.222:54997]...

Player connection [13956] Host "[IP] 192.168.0.202 [Port] 0 [Flags] 2 [Guid] 4009801497 [EditorId] 4009801497 [Version] 1048832 [Id] WindowsEditor(7,DESKTOP-HQKDT44) [Debug] 1 [PackageName] WindowsEditor [ProjectName] Editor" joined alternative multi-casting on [225.0.0.222:34997]...

Refreshing native plugins compatible for Editor in 76.08 ms, found 3 plugins.
Preloading 0 native plugins for Editor in 0.00 ms.
Initialize engine version: 2021.3.20f1 (577897200b8b)
[Subsystems] Discovering subsystems at path C:/Program Files/Unity/Hub/Editor/2021.3.20f1/Editor/Data/Resources/UnitySubsystems
[Subsystems] Discovering subsystems at path C:/Users/SGA/Desktop/Unity2023/Unity2023/Assets
GfxDevice: creating device client; threaded=0; jobified=0
Direct3D:
    Version:  Direct3D 11.0 [level 11.1]
    Renderer: NVIDIA GeForce GTX 1650 (ID=0x1f82)
    Vendor:   NVIDIA
    VRAM:     3962 MB
    Driver:   31.0.15.1694
Initialize mono
Mono path[0] = 'C:/Program Files/Unity/Hub/Editor/2021.3.20f1/Editor/Data/Managed'
Mono path[1] = 'C:/Program Files/Unity/Hub/Editor/2021.3.20f1/Editor/Data/MonoBleedingEdge/lib/mono/unityjit-win32'
Mono config path = 'C:/Program Files/Unity/Hub/Editor/2021.3.20f1/Editor/Data/MonoBleedingEdge/etc'
Using monoOptions --debugger-agent=transport=dt_socket,embedding=1,server=y,suspend=n,address=127.0.0.1:56052
Begin MonoManager ReloadAssembly
Registering precompiled unity dll's ...
Register platform support module: C:/Program Files/Unity/Hub/Editor/2021.3.20f1/Editor/Data/PlaybackEngines/AndroidPlayer/UnityEditor.Android.Extensions.dll
Register platform support module: C:/Program Files/Unity/Hub/Editor/2021.3.20f1/Editor/Data/PlaybackEngines/WindowsStandaloneSupport/UnityEditor.WindowsStandalone.Extensions.dll
Registered in 0.002217 seconds.
Native extension for WindowsStandalone target not found
Native extension for Android target not found
Android Extension - Scanning For ADB Devices 136 ms
Refreshing native plugins compatible for Editor in 60.90 ms, found 3 plugins.
Preloading 0 native plugins for Editor in 0.00 ms.
Mono: successfully reloaded assembly
- Completed reload, in  0.563 seconds
Domain Reload Profiling:
	ReloadAssembly (563ms)
		BeginReloadAssembly (52ms)
			ExecutionOrderSort (0ms)
			DisableScriptedObjects (0ms)
			BackupInstance (0ms)
			ReleaseScriptingObjects (0ms)
			CreateAndSetChildDomain (1ms)
		EndReloadAssembly (448ms)
			LoadAssemblies (50ms)
			RebuildTransferFunctionScriptingTraits (0ms)
			SetupTypeCache (70ms)
			ReleaseScriptCaches (0ms)
			RebuildScriptCaches (17ms)
			SetupLoadedEditorAssemblies (328ms)
				LogAssemblyErrors (0ms)
				InitializePlatformSupportModulesInManaged (181ms)
				SetLoadedEditorAssemblies (0ms)
				RefreshPlugins (61ms)
				BeforeProcessingInitializeOnLoad (1ms)
				ProcessInitializeOnLoadAttributes (58ms)
				ProcessInitializeOnLoadMethodAttributes (27ms)
				AfterProcessingInitializeOnLoad (0ms)
				EditorAssembliesLoaded (0ms)
			ExecutionOrderSort2 (0ms)
			AwakeInstancesAfterBackupRestoration (0ms)
Platform modules already initialized, skipping
Registering precompiled user dll's ...
Registered in 0.002154 seconds.
Begin MonoManager ReloadAssembly
Symbol file LoadedFromMemory doesn't match image C:\Users\SGA\Desktop\Unity2023\Unity2023\Library\PackageCache\com.unity.visualscripting@1.8.0\Editor\VisualScripting.Core\Dependencies\YamlDotNet\Unity.VisualScripting.YamlDotNet.dll
Symbol file LoadedFromMemory doesn't match image C:\Users\SGA\Desktop\Unity2023\Unity2023\Library\PackageCache\com.unity.visualscripting@1.8.0\Editor\VisualScripting.Core\Dependencies\DotNetZip\Unity.VisualScripting.IonicZip.dll
Native extension for WindowsStandalone target not found
Native extension for Android target not found
Refreshing native plugins compatible for Editor in 60.20 ms, found 3 plugins.
Preloading 0 native plugins for Editor in 0.00 ms.
Mono: successfully reloaded assembly
- Completed reload, in  0.755 seconds
Domain Reload Profiling:
	ReloadAssembly (756ms)
		BeginReloadAssembly (75ms)
			ExecutionOrderSort (0ms)
			DisableScriptedObjects (4ms)
			BackupInstance (0ms)
			ReleaseScriptingObjects (0ms)
			CreateAndSetChildDomain (13ms)
		EndReloadAssembly (611ms)
			LoadAssemblies (58ms)
			RebuildTransferFunctionScriptingTraits (0ms)
			SetupTypeCache (177ms)
			ReleaseScriptCaches (0ms)
			RebuildScriptCaches (33ms)
			SetupLoadedEditorAssemblies (318ms)
				LogAssemblyErrors (0ms)
				InitializePlatformSupportModulesInManaged (10ms)
				SetLoadedEditorAssemblies (0ms)
				RefreshPlugins (60ms)
				BeforeProcessingInitializeOnLoad (54ms)
				ProcessInitializeOnLoadAttributes (179ms)
				ProcessInitializeOnLoadMethodAttributes (11ms)
				AfterProcessingInitializeOnLoad (3ms)
				EditorAssembliesLoaded (0ms)
			ExecutionOrderSort2 (0ms)
			AwakeInstancesAfterBackupRestoration (4ms)
Platform modules already initialized, skipping
========================================================================
Worker process is ready to serve import requests
Launched and connected shader compiler UnityShaderCompiler.exe after 0.02 seconds
Refreshing native plugins compatible for Editor in 0.61 ms, found 3 plugins.
Preloading 0 native plugins for Editor in 0.00 ms.
Unloading 3497 Unused Serialized files (Serialized files now loaded: 0)
Unloading 27 unused Assets / (113.4 KB). Loaded Objects now: 3960.
Memory consumption went from 134.6 MB to 134.4 MB.
Total: 2.361400 ms (FindLiveObjects: 0.184900 ms CreateObjectMapping: 0.087400 ms MarkObjects: 2.002900 ms  DeleteObjects: 0.085500 ms)

AssetImportParameters requested are different than current active one (requested -> active):
  custom:video-decoder-ogg-theora: a1e56fd34408186e4bbccfd4996cb3dc -> 
  custom:container-muxer-webm: aa71ff27fc2769a1b78a27578f13a17b -> 
  custom:container-demuxer-webm: 4f35f7cbe854078d1ac9338744f61a02 -> 
  custom:video-encoder-webm-vp8: eb34c28f22e8b96e1ab97ce403110664 -> 
  custom:audio-encoder-webm-vorbis: bf7c407c2cedff20999df2af8eb42d56 -> 
  custom:framework-win-MediaFoundation: 216162199b28c13a410421893ffa2e32 -> 
  custom:container-demuxer-ogg: 62fdf1f143b41e24485cea50d1cbac27 -> 
  custom:video-decoder-webm-vp8: 9c59270c3fd7afecdb556c50c9e8de78 -> 
  custom:audio-decoder-ogg-vorbis: bf7c407c2cedff20999df2af8eb42d56 -> 
========================================================================
Received Import Request.
  Time since last request: 3197.026389 seconds.
  path: Assets/New Render Texture.renderTexture
  artifactKey: Guid(3b484233f2d40c64ba38232d3d9062a9) Importer(815301076,1909f56bfc062723c751e8b465ee728b)
Start importing Assets/New Render Texture.renderTexture using Guid(3b484233f2d40c64ba38232d3d9062a9) Importer(815301076,1909f56bfc062723c751e8b465ee728b)  -> (artifact id: 'a567d73038dd3a5c0b26617957c4e3a1') in 0.063256 seconds 
========================================================================
Received Import Request.
  Time since last request: 32.366197 seconds.
  path: Assets/Warrior free set
  artifactKey: Guid(fd9eb7c5294be8546806983c65cd2851) Importer(815301076,1909f56bfc062723c751e8b465ee728b)
Start importing Assets/Warrior free set using Guid(fd9eb7c5294be8546806983c65cd2851) Importer(815301076,1909f56bfc062723c751e8b465ee728b)  -> (artifact id: 'c71a7022bbc08f214b508401739d2884') in 0.005939 seconds 
========================================================================
Received Import Request.
  Time since last request: 1.402160 seconds.
  path: Assets/Warrior free set/Demo.unity
  artifactKey: Guid(14a2430fd109a08429c462b16fc369a6) Importer(815301076,1909f56bfc062723c751e8b465ee728b)
Start importing Assets/Warrior free set/Demo.unity using Guid(14a2430fd109a08429c462b16fc369a6) Importer(815301076,1909f56bfc062723c751e8b465ee728b)  -> (artifact id: '416da0e8ddc4e834c8280a1a847cf886') in 0.005493 seconds 
========================================================================
Received Import Request.
  Time since last request: 3.469114 seconds.
  path: Assets/Warrior free set/Aniamtion
  artifactKey: Guid(f29f322a060ffae4fae45df37a157ed2) Importer(815301076,1909f56bfc062723c751e8b465ee728b)
Start importing Assets/Warrior free set/Aniamtion using Guid(f29f322a060ffae4fae45df37a157ed2) Importer(815301076,1909f56bfc062723c751e8b465ee728b)  -> (artifact id: '3221cd779e3088fafacfc50f2b1e2e66') in 0.004513 seconds 
========================================================================
Received Import Request.
  Time since last request: 14.437288 seconds.
  path: Assets/Warrior free set/Animation
  artifactKey: Guid(f29f322a060ffae4fae45df37a157ed2) Importer(815301076,1909f56bfc062723c751e8b465ee728b)
Start importing Assets/Warrior free set/Animation using Guid(f29f322a060ffae4fae45df37a157ed2) Importer(815301076,1909f56bfc062723c751e8b465ee728b)  -> (artifact id: '85f324e66a3c4cd1c93487093fd4b621') in 0.004861 seconds 
========================================================================
Received Import Request.
  Time since last request: 1.706518 seconds.
  path: Assets/Warrior free set/Sprite Sheet
  artifactKey: Guid(8ec5f93311c2dfe44b0c9b3a026749c1) Importer(815301076,1909f56bfc062723c751e8b465ee728b)
Start importing Assets/Warrior free set/Sprite Sheet using Guid(8ec5f93311c2dfe44b0c9b3a026749c1) Importer(815301076,1909f56bfc062723c751e8b465ee728b)  -> (artifact id: '8f65e055620167419e8ae70ae4ef0a9c') in 0.005064 seconds 
========================================================================
Received Import Request.
  Time since last request: 0.054507 seconds.
  path: Assets/Warrior free set/Sprite Sheet/Warrior_Sheet-Effect.png
  artifactKey: Guid(ae72133dacba6ec4eb33ecde48f50e56) Importer(815301076,1909f56bfc062723c751e8b465ee728b)
Start importing Assets/Warrior free set/Sprite Sheet/Warrior_Sheet-Effect.png using Guid(ae72133dacba6ec4eb33ecde48f50e56) Importer(815301076,1909f56bfc062723c751e8b465ee728b)  -> (artifact id: '4d5c59b6d7d8f24b816e71af791b6b5c') in 0.178347 seconds 
========================================================================
Received Import Request.
  Time since last request: 24.580555 seconds.
  path: Assets/Warrior free set/Animation/Attack.anim
  artifactKey: Guid(d580f1d1a428cb040b4d98afe8ba4e60) Importer(815301076,1909f56bfc062723c751e8b465ee728b)
Start importing Assets/Warrior free set/Animation/Attack.anim using Guid(d580f1d1a428cb040b4d98afe8ba4e60) Importer(815301076,1909f56bfc062723c751e8b465ee728b)  -> (artifact id: 'e759f1fd0f53d415664cb2efc0cc9695') in 0.008857 seconds 
========================================================================
Received Import Request.
  Time since last request: 2.830450 seconds.
  path: Assets/Animations/Player/Attack.anim
  artifactKey: Guid(e0b7f38d1b199ac4eb1bba6174bb5b9b) Importer(815301076,1909f56bfc062723c751e8b465ee728b)
Start importing Assets/Animations/Player/Attack.anim using Guid(e0b7f38d1b199ac4eb1bba6174bb5b9b) Importer(815301076,1909f56bfc062723c751e8b465ee728b)  -> (artifact id: '69a3524e972f88cea19484c9e77e78d4') in 0.001780 seconds 
========================================================================
Received Import Request.
  Time since last request: 8.535230 seconds.
  path: Assets/Warrior free set/Animation/Dash.anim
  artifactKey: Guid(d0a4093ee0ec55147bac14be99a1f772) Importer(815301076,1909f56bfc062723c751e8b465ee728b)
Start importing Assets/Warrior free set/Animation/Dash.anim using Guid(d0a4093ee0ec55147bac14be99a1f772) Importer(815301076,1909f56bfc062723c751e8b465ee728b)  -> (artifact id: '4ead64ea3093260db6f5f97d03147f97') in 0.005025 seconds 
========================================================================
Received Import Request.
  Time since last request: 10.499578 seconds.
  path: Assets/Warrior free set/Animation/Warrior.controller
  artifactKey: Guid(312496b25d842af4a938e96c7d5aaee0) Importer(815301076,1909f56bfc062723c751e8b465ee728b)
Start importing Assets/Warrior free set/Animation/Warrior.controller using Guid(312496b25d842af4a938e96c7d5aaee0) Importer(815301076,1909f56bfc062723c751e8b465ee728b)  -> (artifact id: 'da9c64c9a662f231a9c93caa8af6dfb7') in 0.016733 seconds 
========================================================================
Received Import Request.
  Time since last request: 5.668788 seconds.
  path: Assets/Animations/Controller/Player.controller
  artifactKey: Guid(764385426137cad498145b14e2d87c27) Importer(815301076,1909f56bfc062723c751e8b465ee728b)
Start importing Assets/Animations/Controller/Player.controller using Guid(764385426137cad498145b14e2d87c27) Importer(815301076,1909f56bfc062723c751e8b465ee728b)  -> (artifact id: '1114cd3f5b2d854b7a1d14e79c46857b') in 0.006067 seconds 
========================================================================
Received Import Request.
  Time since last request: 7.592502 seconds.
  path: Assets/Animations/Controller/Player.controller
  artifactKey: Guid(312496b25d842af4a938e96c7d5aaee0) Importer(815301076,1909f56bfc062723c751e8b465ee728b)
Start importing Assets/Animations/Controller/Player.controller using Guid(312496b25d842af4a938e96c7d5aaee0) Importer(815301076,1909f56bfc062723c751e8b465ee728b)  -> (artifact id: '60b407f4bea88d747555ca016f745529') in 0.004824 seconds 
========================================================================
Received Import Request.
  Time since last request: 28.081266 seconds.
  path: Assets/Textures/Enemy.png
  artifactKey: Guid(0f9d22bd72c54ba4e980d6a1d521ea58) Importer(815301076,1909f56bfc062723c751e8b465ee728b)
Start importing Assets/Textures/Enemy.png using Guid(0f9d22bd72c54ba4e980d6a1d521ea58) Importer(815301076,1909f56bfc062723c751e8b465ee728b)  -> (artifact id: 'af7d81a0557b5c257b9c8dbde2da4e76') in 0.086613 seconds 
========================================================================
Received Import Request.
  Time since last request: 0.000018 seconds.
  path: Assets/Textures/Player.png
  artifactKey: Guid(838a057e6809c5642be329a88f18fad0) Importer(815301076,1909f56bfc062723c751e8b465ee728b)
Start importing Assets/Textures/Player.png using Guid(838a057e6809c5642be329a88f18fad0) Importer(815301076,1909f56bfc062723c751e8b465ee728b)  -> (artifact id: '478bc55d12fdab662d626166680b7932') in 0.047980 seconds 
========================================================================
Received Import Request.
  Time since last request: 0.000015 seconds.
  path: Assets/Textures/shadow.png
  artifactKey: Guid(dbf39673898d61b42a70825d30bf0dff) Importer(815301076,1909f56bfc062723c751e8b465ee728b)
Start importing Assets/Textures/shadow.png using Guid(dbf39673898d61b42a70825d30bf0dff) Importer(815301076,1909f56bfc062723c751e8b465ee728b)  -> (artifact id: 'b3a4414096a6a0b6260f0f5e0d9f33b2') in 0.011010 seconds 
========================================================================
Received Import Request.
  Time since last request: 22.664710 seconds.
  path: Assets/Warped Shooting Fx/Scenes
  artifactKey: Guid(6c0446ddb04f9421ea52ee097ab36ab0) Importer(815301076,1909f56bfc062723c751e8b465ee728b)
Start importing Assets/Warped Shooting Fx/Scenes using Guid(6c0446ddb04f9421ea52ee097ab36ab0) Importer(815301076,1909f56bfc062723c751e8b465ee728b)  -> (artifact id: 'ca381db779e5f79b008fc84b2eabec42') in 0.005331 seconds 
========================================================================
Received Import Request.
  Time since last request: 3.191742 seconds.
  path: Assets/Warped Shooting Fx/Music/warped-shooting-fx.wav
  artifactKey: Guid(e75df5cd9c1f944ce99e585d983fa119) Importer(815301076,1909f56bfc062723c751e8b465ee728b)
Start importing Assets/Warped Shooting Fx/Music/warped-shooting-fx.wav using Guid(e75df5cd9c1f944ce99e585d983fa119) Importer(815301076,1909f56bfc062723c751e8b465ee728b)  -> (artifact id: '7622464b0b1f3c2da65aca8e0bb6d7c1') in 0.060098 seconds 
========================================================================
Received Import Request.
  Time since last request: 18.764564 seconds.
  path: Assets/Warped Shooting Fx/Pixel Art/Waveform
  artifactKey: Guid(ed1faaa22c5544896bb371077806cf48) Importer(815301076,1909f56bfc062723c751e8b465ee728b)
Start importing Assets/Warped Shooting Fx/Pixel Art/Waveform using Guid(ed1faaa22c5544896bb371077806cf48) Importer(815301076,1909f56bfc062723c751e8b465ee728b)  -> (artifact id: '6e72c82e7e14b79d14adfd72f6149cd0') in 0.005450 seconds 
========================================================================
Received Import Request.
  Time since last request: 0.799903 seconds.
  path: Assets/Warped Shooting Fx/Pixel Art/Waveform/waveform1.png
  artifactKey: Guid(6ce7d758dac494cc393bd4437dfdb24e) Importer(815301076,1909f56bfc062723c751e8b465ee728b)
Start importing Assets/Warped Shooting Fx/Pixel Art/Waveform/waveform1.png using Guid(6ce7d758dac494cc393bd4437dfdb24e) Importer(815301076,1909f56bfc062723c751e8b465ee728b)  -> (artifact id: 'f10c90e9827fd279a542278c12cbfbaf') in 0.018159 seconds 
========================================================================
Received Import Request.
  Time since last request: 0.000023 seconds.
  path: Assets/Warped Shooting Fx/Pixel Art/Waveform/waveform4.png
  artifactKey: Guid(07f154720f2cc47c094b940d9d2b3b84) Importer(815301076,1909f56bfc062723c751e8b465ee728b)
Start importing Assets/Warped Shooting Fx/Pixel Art/Waveform/waveform4.png using Guid(07f154720f2cc47c094b940d9d2b3b84) Importer(815301076,1909f56bfc062723c751e8b465ee728b)  -> (artifact id: 'd66f4f39e9a567b8ec4312a48501800e') in 0.010937 seconds 
========================================================================
Received Import Request.
  Time since last request: 2.608417 seconds.
  path: Assets/Warped Shooting Fx/Pixel Art/Spark/spark-preview1.png
  artifactKey: Guid(cf9760a2dafc94f97b705a62ec67e9ff) Importer(815301076,1909f56bfc062723c751e8b465ee728b)
Start importing Assets/Warped Shooting Fx/Pixel Art/Spark/spark-preview1.png using Guid(cf9760a2dafc94f97b705a62ec67e9ff) Importer(815301076,1909f56bfc062723c751e8b465ee728b)  -> (artifact id: 'f5ccf6c04b53be3d5b980c041e44a814') in 0.012298 seconds 
========================================================================
Received Import Request.
  Time since last request: 0.000014 seconds.
  path: Assets/Warped Shooting Fx/Pixel Art/Spark/spark-preview3.png
  artifactKey: Guid(487b10e46753346918225fa5f287a155) Importer(815301076,1909f56bfc062723c751e8b465ee728b)
Start importing Assets/Warped Shooting Fx/Pixel Art/Spark/spark-preview3.png using Guid(487b10e46753346918225fa5f287a155) Importer(815301076,1909f56bfc062723c751e8b465ee728b)  -> (artifact id: '32a2a9d5627dfb01ffacb83568473320') in 0.010568 seconds 
========================================================================
Received Import Request.
  Time since last request: 1.943615 seconds.
  path: Assets/Warped Shooting Fx/Pixel Art/Pulse/pulse1.png
  artifactKey: Guid(5334a60396bca40f19ac9d531fab2621) Importer(815301076,1909f56bfc062723c751e8b465ee728b)
Start importing Assets/Warped Shooting Fx/Pixel Art/Pulse/pulse1.png using Guid(5334a60396bca40f19ac9d531fab2621) Importer(815301076,1909f56bfc062723c751e8b465ee728b)  -> (artifact id: '89a3c4dad05ea27285784d2936d10ad4') in 0.008294 seconds 
========================================================================
Received Import Request.
  Time since last request: 0.000016 seconds.
  path: Assets/Warped Shooting Fx/Pixel Art/Pulse/pulse4.png
  artifactKey: Guid(a1ff8d71f6d1a4809b4e35fac8d4a7df) Importer(815301076,1909f56bfc062723c751e8b465ee728b)
Start importing Assets/Warped Shooting Fx/Pixel Art/Pulse/pulse4.png using Guid(a1ff8d71f6d1a4809b4e35fac8d4a7df) Importer(815301076,1909f56bfc062723c751e8b465ee728b)  -> (artifact id: '0e2abe0e0ec18f0ad85d51ba86b2c2f9') in 0.009372 seconds 
========================================================================
Received Import Request.
  Time since last request: 2.168230 seconds.
  path: Assets/Warped Shooting Fx/Pixel Art/Crossed/crossed2.png
  artifactKey: Guid(0387054b082bb48b288527af5ce34c02) Importer(815301076,1909f56bfc062723c751e8b465ee728b)
Start importing Assets/Warped Shooting Fx/Pixel Art/Crossed/crossed2.png using Guid(0387054b082bb48b288527af5ce34c02) Importer(815301076,1909f56bfc062723c751e8b465ee728b)  -> (artifact id: '7bf4cc53fa3f3b68380afe61b19d309e') in 0.013983 seconds 
========================================================================
Received Import Request.
  Time since last request: 0.000014 seconds.
  path: Assets/Warped Shooting Fx/Pixel Art/Crossed/crossed6.png
  artifactKey: Guid(5cf070071288f47de93f37f2266c5a53) Importer(815301076,1909f56bfc062723c751e8b465ee728b)
Start importing Assets/Warped Shooting Fx/Pixel Art/Crossed/crossed6.png using Guid(5cf070071288f47de93f37f2266c5a53) Importer(815301076,1909f56bfc062723c751e8b465ee728b)  -> (artifact id: 'b61e193c13ebddbc4af679998ec255a7') in 0.025656 seconds 
========================================================================
Received Import Request.
  Time since last request: 0.000015 seconds.
  path: Assets/Warped Shooting Fx/Pixel Art/Crossed/crossed4.png
  artifactKey: Guid(7b72a4a7f319f495d9ce0dde84843b40) Importer(815301076,1909f56bfc062723c751e8b465ee728b)
Start importing Assets/Warped Shooting Fx/Pixel Art/Crossed/crossed4.png using Guid(7b72a4a7f319f495d9ce0dde84843b40) Importer(815301076,1909f56bfc062723c751e8b465ee728b)  -> (artifact id: '4e7aafe2d654364242b129948b100f42') in 0.034515 seconds 
========================================================================
Received Import Request.
  Time since last request: 0.593874 seconds.
  path: Assets/Warped Shooting Fx/Pixel Art/Charged/charged2.png
  artifactKey: Guid(4ef69770c17cd47219e76038736e9e8f) Importer(815301076,1909f56bfc062723c751e8b465ee728b)
Start importing Assets/Warped Shooting Fx/Pixel Art/Charged/charged2.png using Guid(4ef69770c17cd47219e76038736e9e8f) Importer(815301076,1909f56bfc062723c751e8b465ee728b)  -> (artifact id: '1417e681e1a7a51c165e3008166d9fc5') in 0.021920 seconds 
========================================================================
Received Import Request.
  Time since last request: 0.000024 seconds.
  path: Assets/Warped Shooting Fx/Pixel Art/Charged/charged4.png
  artifactKey: Guid(b1487fd8c4d1a4193a036cbc5cf81bc3) Importer(815301076,1909f56bfc062723c751e8b465ee728b)
Start importing Assets/Warped Shooting Fx/Pixel Art/Charged/charged4.png using Guid(b1487fd8c4d1a4193a036cbc5cf81bc3) Importer(815301076,1909f56bfc062723c751e8b465ee728b)  -> (artifact id: '8b00002ee6416b49b9e5c9138f4a95ed') in 0.022865 seconds 
Editor requested this worker to shutdown with reason: Scaling down because of idle timeout
AssetImportWorker is now disconnected from the server
Process exiting
Exiting without the bug reporter. Application will terminate with return code 0